# JRE version: OpenJDK Runtime Environment Microsoft-8905927 (21.0.2+13) (build 21.0.2+13-LTS)
# Java VM: OpenJDK 64-Bit Server VM Microsoft-8905927 (21.0.2+13-LTS, mixed mode, sharing, tiered, compressed oops, compressed class ptrs, g1 gc, linux-amd64)
GC Precious Log:
 CardTable entry size: 512
 Card Set container configuration: InlinePtr #cards 4 size 8 Array Of Cards #cards 64 size 144 Howl #buckets 8 coarsen threshold 14745 Howl Bitmap #cards 2048 size 272 coarsen threshold 1843 Card regions per heap region 1 cards per card region 16384
 CPUs: 12 total, 12 available
 Memory: 48090M
 Large Page Support: Disabled
 NUMA Support: Disabled
 Compressed Oops: Enabled (Zero based)
 Heap Region Size: 8M
 Heap Min Capacity: 8M
 Heap Initial Capacity: 752M
 Heap Max Capacity: 12024M
 Pre-touch: Disabled
 Parallel Workers: 10
 Concurrent Workers: 3
 Concurrent Refinement Workers: 10
 Periodic GC: Disabled
Heap:
 garbage-first heap   total 835584K, used 331953K [0x0000000510800000, 0x0000000800000000)
  region size 8192K, 13 young (106496K), 8 survivors (65536K)
 Metaspace       used 113012K, committed 114944K, reserved 1179648K
  class space    used 17339K, committed 18240K, reserved 1048576K
GC Heap History (20 events):
Event: 4.402 GC heap before
{Heap before GC invocations=14 (full 0):
 garbage-first heap   total 573440K, used 428337K [0x0000000510800000, 0x0000000800000000)
  region size 8192K, 42 young (344064K), 4 survivors (32768K)
 Metaspace       used 43354K, committed 44672K, reserved 1114112K
  class space    used 5183K, committed 5760K, reserved 1048576K
}
Event: 4.412 GC heap after
{Heap after GC invocations=15 (full 0):
 garbage-first heap   total 573440K, used 133665K [0x0000000510800000, 0x0000000800000000)
  region size 8192K, 6 young (49152K), 6 survivors (49152K)
 Metaspace       used 43354K, committed 44672K, reserved 1114112K
  class space    used 5183K, committed 5760K, reserved 1048576K
}
Event: 5.681 GC heap before
{Heap before GC invocations=15 (full 0):
 garbage-first heap   total 573440K, used 444961K [0x0000000510800000, 0x0000000800000000)
  region size 8192K, 42 young (344064K), 6 survivors (49152K)
 Metaspace       used 55922K, committed 57472K, reserved 1114112K
  class space    used 7023K, committed 7744K, reserved 1048576K
}
Event: 5.700 GC heap after
{Heap after GC invocations=16 (full 0):
 garbage-first heap   total 696320K, used 169623K [0x0000000510800000, 0x0000000800000000)
  region size 8192K, 6 young (49152K), 6 survivors (49152K)
 Metaspace       used 55922K, committed 57472K, reserved 1114112K
  class space    used 7023K, committed 7744K, reserved 1048576K
}
Event: 6.373 GC heap before
{Heap before GC invocations=16 (full 0):
 garbage-first heap   total 696320K, used 538263K [0x0000000510800000, 0x0000000800000000)
  region size 8192K, 51 young (417792K), 6 survivors (49152K)
 Metaspace       used 59337K, committed 60864K, reserved 1114112K
  class space    used 7676K, committed 8384K, reserved 1048576K
}
Event: 6.397 GC heap after
{Heap after GC invocations=17 (full 0):
 garbage-first heap   total 696320K, used 206126K [0x0000000510800000, 0x0000000800000000)
  region size 8192K, 7 young (57344K), 7 survivors (57344K)
 Metaspace       used 59337K, committed 60864K, reserved 1114112K
  class space    used 7676K, committed 8384K, reserved 1048576K
}
Event: 6.416 GC heap before
{Heap before GC invocations=17 (full 0):
 garbage-first heap   total 696320K, used 206126K [0x0000000510800000, 0x0000000800000000)
  region size 8192K, 8 young (65536K), 7 survivors (57344K)
 Metaspace       used 59416K, committed 60928K, reserved 1114112K
  class space    used 7680K, committed 8384K, reserved 1048576K
}
Event: 6.431 GC heap after
{Heap after GC invocations=18 (full 0):
 garbage-first heap   total 696320K, used 217147K [0x0000000510800000, 0x0000000800000000)
  region size 8192K, 2 young (16384K), 2 survivors (16384K)
 Metaspace       used 59416K, committed 60928K, reserved 1114112K
  class space    used 7680K, committed 8384K, reserved 1048576K
}
Event: 7.982 GC heap before
{Heap before GC invocations=19 (full 0):
 garbage-first heap   total 696320K, used 602171K [0x0000000510800000, 0x0000000800000000)
  region size 8192K, 49 young (401408K), 2 survivors (16384K)
 Metaspace       used 72960K, committed 74560K, reserved 1114112K
  class space    used 10401K, committed 11136K, reserved 1048576K
}
Event: 7.989 GC heap after
{Heap after GC invocations=20 (full 0):
 garbage-first heap   total 696320K, used 224829K [0x0000000510800000, 0x0000000800000000)
  region size 8192K, 3 young (24576K), 3 survivors (24576K)
 Metaspace       used 72960K, committed 74560K, reserved 1114112K
  class space    used 10401K, committed 11136K, reserved 1048576K
}
Event: 9.399 GC heap before
{Heap before GC invocations=20 (full 0):
 garbage-first heap   total 696320K, used 618045K [0x0000000510800000, 0x0000000800000000)
  region size 8192K, 51 young (417792K), 3 survivors (24576K)
 Metaspace       used 98165K, committed 99904K, reserved 1179648K
  class space    used 14790K, committed 15552K, reserved 1048576K
}
Event: 9.414 GC heap after
{Heap after GC invocations=21 (full 0):
 garbage-first heap   total 696320K, used 235734K [0x0000000510800000, 0x0000000800000000)
  region size 8192K, 5 young (40960K), 5 survivors (40960K)
 Metaspace       used 98165K, committed 99904K, reserved 1179648K
  class space    used 14790K, committed 15552K, reserved 1048576K
}
Event: 9.463 GC heap before
{Heap before GC invocations=21 (full 0):
 garbage-first heap   total 696320K, used 260310K [0x0000000510800000, 0x0000000800000000)
  region size 8192K, 9 young (73728K), 5 survivors (40960K)
 Metaspace       used 100779K, committed 102528K, reserved 1179648K
  class space    used 15343K, committed 16128K, reserved 1048576K
}
Event: 9.474 GC heap after
{Heap after GC invocations=22 (full 0):
 garbage-first heap   total 696320K, used 236532K [0x0000000510800000, 0x0000000800000000)
  region size 8192K, 3 young (24576K), 3 survivors (24576K)
 Metaspace       used 100779K, committed 102528K, reserved 1179648K
  class space    used 15343K, committed 16128K, reserved 1048576K
}
Event: 10.317 GC heap before
{Heap before GC invocations=23 (full 0):
 garbage-first heap   total 696320K, used 621556K [0x0000000510800000, 0x0000000800000000)
  region size 8192K, 50 young (409600K), 3 survivors (24576K)
 Metaspace       used 111955K, committed 113856K, reserved 1179648K
  class space    used 17218K, committed 18112K, reserved 1048576K
}
Event: 10.329 GC heap after
{Heap after GC invocations=24 (full 0):
 garbage-first heap   total 696320K, used 255252K [0x0000000510800000, 0x0000000800000000)
  region size 8192K, 5 young (40960K), 5 survivors (40960K)
 Metaspace       used 111955K, committed 113856K, reserved 1179648K
  class space    used 17218K, committed 18112K, reserved 1048576K
}
Event: 10.597 GC heap before
{Heap before GC invocations=24 (full 0):
 garbage-first heap   total 696320K, used 607508K [0x0000000510800000, 0x0000000800000000)
  region size 8192K, 48 young (393216K), 5 survivors (40960K)
 Metaspace       used 112360K, committed 114304K, reserved 1179648K
  class space    used 17268K, committed 18176K, reserved 1048576K
}
Event: 10.609 GC heap after
{Heap after GC invocations=25 (full 0):
 garbage-first heap   total 835584K, used 259527K [0x0000000510800000, 0x0000000800000000)
  region size 8192K, 4 young (32768K), 4 survivors (32768K)
 Metaspace       used 112360K, committed 114304K, reserved 1179648K
  class space    used 17268K, committed 18176K, reserved 1048576K
}
Event: 11.360 GC heap before
{Heap before GC invocations=25 (full 0):
 garbage-first heap   total 835584K, used 718279K [0x0000000510800000, 0x0000000800000000)
  region size 8192K, 61 young (499712K), 4 survivors (32768K)
 Metaspace       used 112973K, committed 114880K, reserved 1179648K
  class space    used 17331K, committed 18240K, reserved 1048576K
}
Event: 11.377 GC heap after
{Heap after GC invocations=26 (full 0):
 garbage-first heap   total 835584K, used 299185K [0x0000000510800000, 0x0000000800000000)
  region size 8192K, 8 young (65536K), 8 survivors (65536K)
 Metaspace       used 112973K, committed 114880K, reserved 1179648K
  class space    used 17331K, committed 18240K, reserved 1048576K
}

